C:\USERS\MICHAEL\DOCUMENTS\CACHE_PROJECT\FIRST\PROJECT1\PROJECT1\DEBUG\VC110.PDB
C:\USERS\MICHAEL\DOCUMENTS\CACHE_PROJECT\FIRST\PROJECT1\PROJECT1\DEBUG\SOURCE.OBJ
C:\Users\Michael\Documents\Cache_Project\first\Project1\Project1\Debug\Source.obj
C:\Users\Michael\Documents\Cache_Project\first\Project1\Project1\Debug\cl.command.1.tlog
C:\Users\Michael\Documents\Cache_Project\first\Project1\Project1\Debug\CL.read.1.tlog
C:\Users\Michael\Documents\Cache_Project\first\Project1\Project1\Debug\CL.write.1.tlog
C:\Users\Michael\Documents\Cache_Project\first\Project1\Project1\Debug\link-cvtres.read.1.tlog
C:\Users\Michael\Documents\Cache_Project\first\Project1\Project1\Debug\link-cvtres.write.1.tlog
C:\Users\Michael\Documents\Cache_Project\first\Project1\Project1\Debug\link-rc.read.1.tlog
C:\Users\Michael\Documents\Cache_Project\first\Project1\Project1\Debug\link-rc.write.1.tlog
C:\Users\Michael\Documents\Cache_Project\first\Project1\Project1\Debug\link.1012-cvtres.read.1.tlog
C:\Users\Michael\Documents\Cache_Project\first\Project1\Project1\Debug\link.1012-cvtres.write.1.tlog
C:\Users\Michael\Documents\Cache_Project\first\Project1\Project1\Debug\link.1012-rc.read.1.tlog
C:\Users\Michael\Documents\Cache_Project\first\Project1\Project1\Debug\link.1012-rc.write.1.tlog
C:\Users\Michael\Documents\Cache_Project\first\Project1\Project1\Debug\link.1012.read.1.tlog
C:\Users\Michael\Documents\Cache_Project\first\Project1\Project1\Debug\link.1012.write.1.tlog
C:\Users\Michael\Documents\Cache_Project\first\Project1\Project1\Debug\link.10368-cvtres.read.1.tlog
C:\Users\Michael\Documents\Cache_Project\first\Project1\Project1\Debug\link.10368-cvtres.write.1.tlog
C:\Users\Michael\Documents\Cache_Project\first\Project1\Project1\Debug\link.10368-rc.read.1.tlog
C:\Users\Michael\Documents\Cache_Project\first\Project1\Project1\Debug\link.10368-rc.write.1.tlog
C:\Users\Michael\Documents\Cache_Project\first\Project1\Project1\Debug\link.10368.read.1.tlog
C:\Users\Michael\Documents\Cache_Project\first\Project1\Project1\Debug\link.10368.write.1.tlog
C:\Users\Michael\Documents\Cache_Project\first\Project1\Project1\Debug\link.10700-cvtres.read.1.tlog
C:\Users\Michael\Documents\Cache_Project\first\Project1\Project1\Debug\link.10700-cvtres.write.1.tlog
C:\Users\Michael\Documents\Cache_Project\first\Project1\Project1\Debug\link.10700-rc.read.1.tlog
C:\Users\Michael\Documents\Cache_Project\first\Project1\Project1\Debug\link.10700-rc.write.1.tlog
C:\Users\Michael\Documents\Cache_Project\first\Project1\Project1\Debug\link.10700.read.1.tlog
C:\Users\Michael\Documents\Cache_Project\first\Project1\Project1\Debug\link.10700.write.1.tlog
C:\Users\Michael\Documents\Cache_Project\first\Project1\Project1\Debug\link.1168-cvtres.read.1.tlog
C:\Users\Michael\Documents\Cache_Project\first\Project1\Project1\Debug\link.1168-cvtres.write.1.tlog
C:\Users\Michael\Documents\Cache_Project\first\Project1\Project1\Debug\link.1168-rc.read.1.tlog
C:\Users\Michael\Documents\Cache_Project\first\Project1\Project1\Debug\link.1168-rc.write.1.tlog
C:\Users\Michael\Documents\Cache_Project\first\Project1\Project1\Debug\link.1168.read.1.tlog
C:\Users\Michael\Documents\Cache_Project\first\Project1\Project1\Debug\link.1168.write.1.tlog
C:\Users\Michael\Documents\Cache_Project\first\Project1\Project1\Debug\link.1840-cvtres.read.1.tlog
C:\Users\Michael\Documents\Cache_Project\first\Project1\Project1\Debug\link.1840-cvtres.write.1.tlog
C:\Users\Michael\Documents\Cache_Project\first\Project1\Project1\Debug\link.1840-rc.read.1.tlog
C:\Users\Michael\Documents\Cache_Project\first\Project1\Project1\Debug\link.1840-rc.write.1.tlog
C:\Users\Michael\Documents\Cache_Project\first\Project1\Project1\Debug\link.1840.read.1.tlog
C:\Users\Michael\Documents\Cache_Project\first\Project1\Project1\Debug\link.1840.write.1.tlog
C:\Users\Michael\Documents\Cache_Project\first\Project1\Project1\Debug\link.2288-cvtres.read.1.tlog
C:\Users\Michael\Documents\Cache_Project\first\Project1\Project1\Debug\link.2288-cvtres.write.1.tlog
C:\Users\Michael\Documents\Cache_Project\first\Project1\Project1\Debug\link.2288-rc.read.1.tlog
C:\Users\Michael\Documents\Cache_Project\first\Project1\Project1\Debug\link.2288-rc.write.1.tlog
C:\Users\Michael\Documents\Cache_Project\first\Project1\Project1\Debug\link.2288.read.1.tlog
C:\Users\Michael\Documents\Cache_Project\first\Project1\Project1\Debug\link.2288.write.1.tlog
C:\Users\Michael\Documents\Cache_Project\first\Project1\Project1\Debug\link.3252-cvtres.read.1.tlog
C:\Users\Michael\Documents\Cache_Project\first\Project1\Project1\Debug\link.3252-cvtres.write.1.tlog
C:\Users\Michael\Documents\Cache_Project\first\Project1\Project1\Debug\link.3252-rc.read.1.tlog
C:\Users\Michael\Documents\Cache_Project\first\Project1\Project1\Debug\link.3252-rc.write.1.tlog
C:\Users\Michael\Documents\Cache_Project\first\Project1\Project1\Debug\link.3252.read.1.tlog
C:\Users\Michael\Documents\Cache_Project\first\Project1\Project1\Debug\link.3252.write.1.tlog
C:\Users\Michael\Documents\Cache_Project\first\Project1\Project1\Debug\link.3312-cvtres.read.1.tlog
C:\Users\Michael\Documents\Cache_Project\first\Project1\Project1\Debug\link.3312-cvtres.write.1.tlog
C:\Users\Michael\Documents\Cache_Project\first\Project1\Project1\Debug\link.3312-rc.read.1.tlog
C:\Users\Michael\Documents\Cache_Project\first\Project1\Project1\Debug\link.3312-rc.write.1.tlog
C:\Users\Michael\Documents\Cache_Project\first\Project1\Project1\Debug\link.3312.read.1.tlog
C:\Users\Michael\Documents\Cache_Project\first\Project1\Project1\Debug\link.3312.write.1.tlog
C:\Users\Michael\Documents\Cache_Project\first\Project1\Project1\Debug\link.4064-cvtres.read.1.tlog
C:\Users\Michael\Documents\Cache_Project\first\Project1\Project1\Debug\link.4064-cvtres.write.1.tlog
C:\Users\Michael\Documents\Cache_Project\first\Project1\Project1\Debug\link.4064-rc.read.1.tlog
C:\Users\Michael\Documents\Cache_Project\first\Project1\Project1\Debug\link.4064-rc.write.1.tlog
C:\Users\Michael\Documents\Cache_Project\first\Project1\Project1\Debug\link.4064.read.1.tlog
C:\Users\Michael\Documents\Cache_Project\first\Project1\Project1\Debug\link.4064.write.1.tlog
C:\Users\Michael\Documents\Cache_Project\first\Project1\Project1\Debug\link.452-cvtres.read.1.tlog
C:\Users\Michael\Documents\Cache_Project\first\Project1\Project1\Debug\link.452-cvtres.write.1.tlog
C:\Users\Michael\Documents\Cache_Project\first\Project1\Project1\Debug\link.452-rc.read.1.tlog
C:\Users\Michael\Documents\Cache_Project\first\Project1\Project1\Debug\link.452-rc.write.1.tlog
C:\Users\Michael\Documents\Cache_Project\first\Project1\Project1\Debug\link.452.read.1.tlog
C:\Users\Michael\Documents\Cache_Project\first\Project1\Project1\Debug\link.452.write.1.tlog
C:\Users\Michael\Documents\Cache_Project\first\Project1\Project1\Debug\link.4560-cvtres.read.1.tlog
C:\Users\Michael\Documents\Cache_Project\first\Project1\Project1\Debug\link.4560-cvtres.write.1.tlog
C:\Users\Michael\Documents\Cache_Project\first\Project1\Project1\Debug\link.4560-rc.read.1.tlog
C:\Users\Michael\Documents\Cache_Project\first\Project1\Project1\Debug\link.4560-rc.write.1.tlog
C:\Users\Michael\Documents\Cache_Project\first\Project1\Project1\Debug\link.4560.read.1.tlog
C:\Users\Michael\Documents\Cache_Project\first\Project1\Project1\Debug\link.4560.write.1.tlog
C:\Users\Michael\Documents\Cache_Project\first\Project1\Project1\Debug\link.4936-cvtres.read.1.tlog
C:\Users\Michael\Documents\Cache_Project\first\Project1\Project1\Debug\link.4936-cvtres.write.1.tlog
C:\Users\Michael\Documents\Cache_Project\first\Project1\Project1\Debug\link.4936-rc.read.1.tlog
C:\Users\Michael\Documents\Cache_Project\first\Project1\Project1\Debug\link.4936-rc.write.1.tlog
C:\Users\Michael\Documents\Cache_Project\first\Project1\Project1\Debug\link.4936.read.1.tlog
C:\Users\Michael\Documents\Cache_Project\first\Project1\Project1\Debug\link.4936.write.1.tlog
C:\Users\Michael\Documents\Cache_Project\first\Project1\Project1\Debug\link.5236-cvtres.read.1.tlog
C:\Users\Michael\Documents\Cache_Project\first\Project1\Project1\Debug\link.5236-cvtres.write.1.tlog
C:\Users\Michael\Documents\Cache_Project\first\Project1\Project1\Debug\link.5236-rc.read.1.tlog
C:\Users\Michael\Documents\Cache_Project\first\Project1\Project1\Debug\link.5236-rc.write.1.tlog
C:\Users\Michael\Documents\Cache_Project\first\Project1\Project1\Debug\link.5236.read.1.tlog
C:\Users\Michael\Documents\Cache_Project\first\Project1\Project1\Debug\link.5236.write.1.tlog
C:\Users\Michael\Documents\Cache_Project\first\Project1\Project1\Debug\link.5272-cvtres.read.1.tlog
C:\Users\Michael\Documents\Cache_Project\first\Project1\Project1\Debug\link.5272-cvtres.write.1.tlog
C:\Users\Michael\Documents\Cache_Project\first\Project1\Project1\Debug\link.5272-rc.read.1.tlog
C:\Users\Michael\Documents\Cache_Project\first\Project1\Project1\Debug\link.5272-rc.write.1.tlog
C:\Users\Michael\Documents\Cache_Project\first\Project1\Project1\Debug\link.5272.read.1.tlog
C:\Users\Michael\Documents\Cache_Project\first\Project1\Project1\Debug\link.5272.write.1.tlog
C:\Users\Michael\Documents\Cache_Project\first\Project1\Project1\Debug\link.5384-cvtres.read.1.tlog
C:\Users\Michael\Documents\Cache_Project\first\Project1\Project1\Debug\link.5384-cvtres.write.1.tlog
C:\Users\Michael\Documents\Cache_Project\first\Project1\Project1\Debug\link.5384-rc.read.1.tlog
C:\Users\Michael\Documents\Cache_Project\first\Project1\Project1\Debug\link.5384-rc.write.1.tlog
C:\Users\Michael\Documents\Cache_Project\first\Project1\Project1\Debug\link.5384.read.1.tlog
C:\Users\Michael\Documents\Cache_Project\first\Project1\Project1\Debug\link.5384.write.1.tlog
C:\Users\Michael\Documents\Cache_Project\first\Project1\Project1\Debug\link.5392-cvtres.read.1.tlog
C:\Users\Michael\Documents\Cache_Project\first\Project1\Project1\Debug\link.5392-cvtres.write.1.tlog
C:\Users\Michael\Documents\Cache_Project\first\Project1\Project1\Debug\link.5392-rc.read.1.tlog
C:\Users\Michael\Documents\Cache_Project\first\Project1\Project1\Debug\link.5392-rc.write.1.tlog
C:\Users\Michael\Documents\Cache_Project\first\Project1\Project1\Debug\link.5392.read.1.tlog
C:\Users\Michael\Documents\Cache_Project\first\Project1\Project1\Debug\link.5392.write.1.tlog
C:\Users\Michael\Documents\Cache_Project\first\Project1\Project1\Debug\link.6088-cvtres.read.1.tlog
C:\Users\Michael\Documents\Cache_Project\first\Project1\Project1\Debug\link.6088-cvtres.write.1.tlog
C:\Users\Michael\Documents\Cache_Project\first\Project1\Project1\Debug\link.6088-rc.read.1.tlog
C:\Users\Michael\Documents\Cache_Project\first\Project1\Project1\Debug\link.6088-rc.write.1.tlog
C:\Users\Michael\Documents\Cache_Project\first\Project1\Project1\Debug\link.6088.read.1.tlog
C:\Users\Michael\Documents\Cache_Project\first\Project1\Project1\Debug\link.6088.write.1.tlog
C:\Users\Michael\Documents\Cache_Project\first\Project1\Project1\Debug\link.6328-cvtres.read.1.tlog
C:\Users\Michael\Documents\Cache_Project\first\Project1\Project1\Debug\link.6328-cvtres.write.1.tlog
C:\Users\Michael\Documents\Cache_Project\first\Project1\Project1\Debug\link.6328-rc.read.1.tlog
C:\Users\Michael\Documents\Cache_Project\first\Project1\Project1\Debug\link.6328-rc.write.1.tlog
C:\Users\Michael\Documents\Cache_Project\first\Project1\Project1\Debug\link.6328.read.1.tlog
C:\Users\Michael\Documents\Cache_Project\first\Project1\Project1\Debug\link.6328.write.1.tlog
C:\Users\Michael\Documents\Cache_Project\first\Project1\Project1\Debug\link.6616-cvtres.read.1.tlog
C:\Users\Michael\Documents\Cache_Project\first\Project1\Project1\Debug\link.6616-cvtres.write.1.tlog
C:\Users\Michael\Documents\Cache_Project\first\Project1\Project1\Debug\link.6616-rc.read.1.tlog
C:\Users\Michael\Documents\Cache_Project\first\Project1\Project1\Debug\link.6616-rc.write.1.tlog
C:\Users\Michael\Documents\Cache_Project\first\Project1\Project1\Debug\link.6616.read.1.tlog
C:\Users\Michael\Documents\Cache_Project\first\Project1\Project1\Debug\link.6616.write.1.tlog
C:\Users\Michael\Documents\Cache_Project\first\Project1\Project1\Debug\link.6640-cvtres.read.1.tlog
C:\Users\Michael\Documents\Cache_Project\first\Project1\Project1\Debug\link.6640-cvtres.write.1.tlog
C:\Users\Michael\Documents\Cache_Project\first\Project1\Project1\Debug\link.6640-rc.read.1.tlog
C:\Users\Michael\Documents\Cache_Project\first\Project1\Project1\Debug\link.6640-rc.write.1.tlog
C:\Users\Michael\Documents\Cache_Project\first\Project1\Project1\Debug\link.6640.read.1.tlog
C:\Users\Michael\Documents\Cache_Project\first\Project1\Project1\Debug\link.6640.write.1.tlog
C:\Users\Michael\Documents\Cache_Project\first\Project1\Project1\Debug\link.6704-cvtres.read.1.tlog
C:\Users\Michael\Documents\Cache_Project\first\Project1\Project1\Debug\link.6704-cvtres.write.1.tlog
C:\Users\Michael\Documents\Cache_Project\first\Project1\Project1\Debug\link.6704-rc.read.1.tlog
C:\Users\Michael\Documents\Cache_Project\first\Project1\Project1\Debug\link.6704-rc.write.1.tlog
C:\Users\Michael\Documents\Cache_Project\first\Project1\Project1\Debug\link.6704.read.1.tlog
C:\Users\Michael\Documents\Cache_Project\first\Project1\Project1\Debug\link.6704.write.1.tlog
C:\Users\Michael\Documents\Cache_Project\first\Project1\Project1\Debug\link.7268-cvtres.read.1.tlog
C:\Users\Michael\Documents\Cache_Project\first\Project1\Project1\Debug\link.7268-cvtres.write.1.tlog
C:\Users\Michael\Documents\Cache_Project\first\Project1\Project1\Debug\link.7268-rc.read.1.tlog
C:\Users\Michael\Documents\Cache_Project\first\Project1\Project1\Debug\link.7268-rc.write.1.tlog
C:\Users\Michael\Documents\Cache_Project\first\Project1\Project1\Debug\link.7268.read.1.tlog
C:\Users\Michael\Documents\Cache_Project\first\Project1\Project1\Debug\link.7268.write.1.tlog
C:\Users\Michael\Documents\Cache_Project\first\Project1\Project1\Debug\link.7644-cvtres.read.1.tlog
C:\Users\Michael\Documents\Cache_Project\first\Project1\Project1\Debug\link.7644-cvtres.write.1.tlog
C:\Users\Michael\Documents\Cache_Project\first\Project1\Project1\Debug\link.7644-rc.read.1.tlog
C:\Users\Michael\Documents\Cache_Project\first\Project1\Project1\Debug\link.7644-rc.write.1.tlog
C:\Users\Michael\Documents\Cache_Project\first\Project1\Project1\Debug\link.7644.read.1.tlog
C:\Users\Michael\Documents\Cache_Project\first\Project1\Project1\Debug\link.7644.write.1.tlog
C:\Users\Michael\Documents\Cache_Project\first\Project1\Project1\Debug\link.8092-cvtres.read.1.tlog
C:\Users\Michael\Documents\Cache_Project\first\Project1\Project1\Debug\link.8092-cvtres.write.1.tlog
C:\Users\Michael\Documents\Cache_Project\first\Project1\Project1\Debug\link.8092-rc.read.1.tlog
C:\Users\Michael\Documents\Cache_Project\first\Project1\Project1\Debug\link.8092-rc.write.1.tlog
C:\Users\Michael\Documents\Cache_Project\first\Project1\Project1\Debug\link.8092.read.1.tlog
C:\Users\Michael\Documents\Cache_Project\first\Project1\Project1\Debug\link.8092.write.1.tlog
C:\Users\Michael\Documents\Cache_Project\first\Project1\Project1\Debug\link.8784-cvtres.read.1.tlog
C:\Users\Michael\Documents\Cache_Project\first\Project1\Project1\Debug\link.8784-cvtres.write.1.tlog
C:\Users\Michael\Documents\Cache_Project\first\Project1\Project1\Debug\link.8784-rc.read.1.tlog
C:\Users\Michael\Documents\Cache_Project\first\Project1\Project1\Debug\link.8784-rc.write.1.tlog
C:\Users\Michael\Documents\Cache_Project\first\Project1\Project1\Debug\link.8784.read.1.tlog
C:\Users\Michael\Documents\Cache_Project\first\Project1\Project1\Debug\link.8784.write.1.tlog
C:\Users\Michael\Documents\Cache_Project\first\Project1\Project1\Debug\link.8892-cvtres.read.1.tlog
C:\Users\Michael\Documents\Cache_Project\first\Project1\Project1\Debug\link.8892-cvtres.write.1.tlog
C:\Users\Michael\Documents\Cache_Project\first\Project1\Project1\Debug\link.8892-rc.read.1.tlog
C:\Users\Michael\Documents\Cache_Project\first\Project1\Project1\Debug\link.8892-rc.write.1.tlog
C:\Users\Michael\Documents\Cache_Project\first\Project1\Project1\Debug\link.8892.read.1.tlog
C:\Users\Michael\Documents\Cache_Project\first\Project1\Project1\Debug\link.8892.write.1.tlog
C:\Users\Michael\Documents\Cache_Project\first\Project1\Project1\Debug\link.8960-cvtres.read.1.tlog
C:\Users\Michael\Documents\Cache_Project\first\Project1\Project1\Debug\link.8960-cvtres.write.1.tlog
C:\Users\Michael\Documents\Cache_Project\first\Project1\Project1\Debug\link.8960-rc.read.1.tlog
C:\Users\Michael\Documents\Cache_Project\first\Project1\Project1\Debug\link.8960-rc.write.1.tlog
C:\Users\Michael\Documents\Cache_Project\first\Project1\Project1\Debug\link.8960.read.1.tlog
C:\Users\Michael\Documents\Cache_Project\first\Project1\Project1\Debug\link.8960.write.1.tlog
C:\Users\Michael\Documents\Cache_Project\first\Project1\Project1\Debug\link.9088-cvtres.read.1.tlog
C:\Users\Michael\Documents\Cache_Project\first\Project1\Project1\Debug\link.9088-cvtres.write.1.tlog
C:\Users\Michael\Documents\Cache_Project\first\Project1\Project1\Debug\link.9088-rc.read.1.tlog
C:\Users\Michael\Documents\Cache_Project\first\Project1\Project1\Debug\link.9088-rc.write.1.tlog
C:\Users\Michael\Documents\Cache_Project\first\Project1\Project1\Debug\link.9088.read.1.tlog
C:\Users\Michael\Documents\Cache_Project\first\Project1\Project1\Debug\link.9088.write.1.tlog
C:\Users\Michael\Documents\Cache_Project\first\Project1\Project1\Debug\link.9188-cvtres.read.1.tlog
C:\Users\Michael\Documents\Cache_Project\first\Project1\Project1\Debug\link.9188-cvtres.write.1.tlog
C:\Users\Michael\Documents\Cache_Project\first\Project1\Project1\Debug\link.9188-rc.read.1.tlog
C:\Users\Michael\Documents\Cache_Project\first\Project1\Project1\Debug\link.9188-rc.write.1.tlog
C:\Users\Michael\Documents\Cache_Project\first\Project1\Project1\Debug\link.9188.read.1.tlog
C:\Users\Michael\Documents\Cache_Project\first\Project1\Project1\Debug\link.9188.write.1.tlog
C:\Users\Michael\Documents\Cache_Project\first\Project1\Project1\Debug\link.9200-cvtres.read.1.tlog
C:\Users\Michael\Documents\Cache_Project\first\Project1\Project1\Debug\link.9200-cvtres.write.1.tlog
C:\Users\Michael\Documents\Cache_Project\first\Project1\Project1\Debug\link.9200-rc.read.1.tlog
C:\Users\Michael\Documents\Cache_Project\first\Project1\Project1\Debug\link.9200-rc.write.1.tlog
C:\Users\Michael\Documents\Cache_Project\first\Project1\Project1\Debug\link.9200.read.1.tlog
C:\Users\Michael\Documents\Cache_Project\first\Project1\Project1\Debug\link.9200.write.1.tlog
C:\Users\Michael\Documents\Cache_Project\first\Project1\Project1\Debug\link.9796-cvtres.read.1.tlog
C:\Users\Michael\Documents\Cache_Project\first\Project1\Project1\Debug\link.9796-cvtres.write.1.tlog
C:\Users\Michael\Documents\Cache_Project\first\Project1\Project1\Debug\link.9796-rc.read.1.tlog
C:\Users\Michael\Documents\Cache_Project\first\Project1\Project1\Debug\link.9796-rc.write.1.tlog
C:\Users\Michael\Documents\Cache_Project\first\Project1\Project1\Debug\link.9796.read.1.tlog
C:\Users\Michael\Documents\Cache_Project\first\Project1\Project1\Debug\link.9796.write.1.tlog
C:\Users\Michael\Documents\Cache_Project\first\Project1\Project1\Debug\link.command.1.tlog
C:\Users\Michael\Documents\Cache_Project\first\Project1\Project1\Debug\link.read.1.tlog
C:\Users\Michael\Documents\Cache_Project\first\Project1\Project1\Debug\link.write.1.tlog
C:\Users\Michael\Documents\Cache_Project\first\Project1\Project1\Debug\vc110.idb
C:\Users\Michael\Documents\Cache_Project\first\Project1\Project1\Debug\vc110.pdb
C:\Users\Michael\Documents\Cache_Project\first\Project1\Debug\Project1.pdb
